{"C:\\Work\\bootcamp\\homework-fixed\\evo-ts-bootcamp\\homeworks\\03-data-structures\\src\\BinarySearchTree.ts": {"path":"C:\\Work\\bootcamp\\homework-fixed\\evo-ts-bootcamp\\homeworks\\03-data-structures\\src\\BinarySearchTree.ts","statementMap":{"0":{"start":{"line":1,"column":0},"end":{"line":1,"column":53}},"1":{"start":{"line":8,"column":0},"end":{"line":8,"column":56}},"2":{"start":{"line":8,"column":38},"end":{"line":8,"column":48}},"3":{"start":{"line":8,"column":0},"end":{"line":8,"column":13}},"4":{"start":{"line":10,"column":4},"end":{"line":21,"column":null}},"5":{"start":{"line":11,"column":25},"end":{"line":19,"column":9}},"6":{"start":{"line":12,"column":12},"end":{"line":14,"column":null}},"7":{"start":{"line":13,"column":16},"end":{"line":13,"column":null}},"8":{"start":{"line":15,"column":12},"end":{"line":17,"column":null}},"9":{"start":{"line":16,"column":16},"end":{"line":16,"column":null}},"10":{"start":{"line":18,"column":12},"end":{"line":18,"column":null}},"11":{"start":{"line":20,"column":8},"end":{"line":20,"column":null}},"12":{"start":{"line":23,"column":0},"end":{"line":23,"column":null}},"13":{"start":{"line":8,"column":13},"end":{"line":8,"column":29}}},"fnMap":{"0":{"name":"(anonymous_6)","decl":{"start":{"line":8,"column":0},"end":{"line":8,"column":13}},"loc":{"start":{"line":8,"column":0},"end":{"line":23,"column":null}}},"1":{"name":"(anonymous_8)","decl":{"start":{"line":10,"column":10},"end":{"line":10,"column":11}},"loc":{"start":{"line":10,"column":24},"end":{"line":21,"column":5}}},"2":{"name":"(anonymous_9)","decl":{"start":{"line":11,"column":25},"end":{"line":11,"column":26}},"loc":{"start":{"line":11,"column":48},"end":{"line":19,"column":9}}}},"branchMap":{"0":{"loc":{"start":{"line":8,"column":0},"end":{"line":8,"column":13}},"type":"binary-expr","locations":[{"start":{"line":8,"column":0},"end":{"line":8,"column":13}},{"start":{"line":8,"column":0},"end":{"line":8,"column":13}},{"start":{"line":8,"column":0},"end":{"line":8,"column":13}}]},"1":{"loc":{"start":{"line":12,"column":12},"end":{"line":14,"column":null}},"type":"if","locations":[{"start":{"line":12,"column":12},"end":{"line":14,"column":null}},{"start":{"line":12,"column":12},"end":{"line":14,"column":null}}]},"2":{"loc":{"start":{"line":12,"column":16},"end":{"line":12,"column":21}},"type":"binary-expr","locations":[{"start":{"line":12,"column":16},"end":{"line":12,"column":21}},{"start":{"line":12,"column":25},"end":{"line":12,"column":45}}]},"3":{"loc":{"start":{"line":15,"column":12},"end":{"line":17,"column":null}},"type":"if","locations":[{"start":{"line":15,"column":12},"end":{"line":17,"column":null}},{"start":{"line":15,"column":12},"end":{"line":17,"column":null}}]}},"s":{"0":1,"1":1,"2":1,"3":1,"4":1,"5":2,"6":8,"7":2,"8":6,"9":4,"10":2,"11":2,"12":1,"13":1},"f":{"0":2,"1":2,"2":8},"b":{"0":[1,1,1],"1":[2,6],"2":[8,7],"3":[4,2]}}
,"C:\\Work\\bootcamp\\homework-fixed\\evo-ts-bootcamp\\homeworks\\03-data-structures\\src\\BinaryTree.ts": {"path":"C:\\Work\\bootcamp\\homework-fixed\\evo-ts-bootcamp\\homeworks\\03-data-structures\\src\\BinaryTree.ts","statementMap":{"0":{"start":{"line":1,"column":0},"end":{"line":1,"column":47}},"1":{"start":{"line":11,"column":0},"end":{"line":11,"column":13}},"2":{"start":{"line":13,"column":4},"end":{"line":13,"column":26}},"3":{"start":{"line":13,"column":26},"end":{"line":13,"column":43}},"4":{"start":{"line":16,"column":4},"end":{"line":18,"column":null}},"5":{"start":{"line":17,"column":8},"end":{"line":17,"column":null}},"6":{"start":{"line":20,"column":4},"end":{"line":31,"column":null}},"7":{"start":{"line":21,"column":8},"end":{"line":30,"column":null}},"8":{"start":{"line":23,"column":16},"end":{"line":23,"column":null}},"9":{"start":{"line":25,"column":16},"end":{"line":25,"column":null}},"10":{"start":{"line":27,"column":16},"end":{"line":27,"column":null}},"11":{"start":{"line":29,"column":16},"end":{"line":29,"column":null}},"12":{"start":{"line":33,"column":4},"end":{"line":48,"column":null}},"13":{"start":{"line":34,"column":28},"end":{"line":34,"column":30}},"14":{"start":{"line":35,"column":25},"end":{"line":45,"column":9}},"15":{"start":{"line":36,"column":12},"end":{"line":38,"column":null}},"16":{"start":{"line":37,"column":16},"end":{"line":37,"column":null}},"17":{"start":{"line":39,"column":12},"end":{"line":41,"column":null}},"18":{"start":{"line":40,"column":16},"end":{"line":40,"column":null}},"19":{"start":{"line":42,"column":12},"end":{"line":44,"column":null}},"20":{"start":{"line":43,"column":16},"end":{"line":43,"column":null}},"21":{"start":{"line":46,"column":8},"end":{"line":46,"column":null}},"22":{"start":{"line":47,"column":8},"end":{"line":47,"column":null}},"23":{"start":{"line":47,"column":37},"end":{"line":47,"column":45}},"24":{"start":{"line":50,"column":12},"end":{"line":53,"column":null}},"25":{"start":{"line":51,"column":8},"end":{"line":51,"column":null}},"26":{"start":{"line":51,"column":19},"end":{"line":51,"column":null}},"27":{"start":{"line":52,"column":8},"end":{"line":52,"column":102}},"28":{"start":{"line":55,"column":12},"end":{"line":58,"column":null}},"29":{"start":{"line":56,"column":8},"end":{"line":56,"column":null}},"30":{"start":{"line":56,"column":19},"end":{"line":56,"column":null}},"31":{"start":{"line":57,"column":8},"end":{"line":57,"column":100}},"32":{"start":{"line":60,"column":12},"end":{"line":63,"column":null}},"33":{"start":{"line":61,"column":8},"end":{"line":61,"column":null}},"34":{"start":{"line":61,"column":19},"end":{"line":61,"column":null}},"35":{"start":{"line":62,"column":8},"end":{"line":62,"column":105}},"36":{"start":{"line":65,"column":12},"end":{"line":81,"column":null}},"37":{"start":{"line":66,"column":20},"end":{"line":66,"column":26}},"38":{"start":{"line":67,"column":28},"end":{"line":67,"column":30}},"39":{"start":{"line":69,"column":8},"end":{"line":79,"column":null}},"40":{"start":{"line":70,"column":26},"end":{"line":70,"column":39}},"41":{"start":{"line":71,"column":12},"end":{"line":71,"column":null}},"42":{"start":{"line":73,"column":12},"end":{"line":75,"column":null}},"43":{"start":{"line":74,"column":16},"end":{"line":74,"column":null}},"44":{"start":{"line":76,"column":12},"end":{"line":78,"column":null}},"45":{"start":{"line":77,"column":16},"end":{"line":77,"column":null}},"46":{"start":{"line":80,"column":8},"end":{"line":80,"column":null}},"47":{"start":{"line":82,"column":0},"end":{"line":82,"column":null}},"48":{"start":{"line":11,"column":13},"end":{"line":11,"column":23}}},"fnMap":{"0":{"name":"(anonymous_1)","decl":{"start":{"line":11,"column":0},"end":{"line":11,"column":13}},"loc":{"start":{"line":11,"column":0},"end":{"line":82,"column":null}}},"1":{"name":"BinaryTree","decl":{"start":{"line":13,"column":4},"end":{"line":13,"column":26}},"loc":{"start":{"line":13,"column":43},"end":{"line":14,"column":5}}},"2":{"name":"(anonymous_3)","decl":{"start":{"line":16,"column":14},"end":{"line":16,"column":15}},"loc":{"start":{"line":16,"column":33},"end":{"line":18,"column":5}}},"3":{"name":"(anonymous_4)","decl":{"start":{"line":20,"column":15},"end":{"line":20,"column":16}},"loc":{"start":{"line":20,"column":35},"end":{"line":31,"column":5}}},"4":{"name":"(anonymous_5)","decl":{"start":{"line":33,"column":16},"end":{"line":33,"column":17}},"loc":{"start":{"line":33,"column":36},"end":{"line":48,"column":5}}},"5":{"name":"(anonymous_6)","decl":{"start":{"line":35,"column":25},"end":{"line":35,"column":26}},"loc":{"start":{"line":35,"column":58},"end":{"line":45,"column":9}}},"6":{"name":"(anonymous_7)","decl":{"start":{"line":47,"column":27},"end":{"line":47,"column":28}},"loc":{"start":{"line":47,"column":32},"end":{"line":47,"column":38}}},"7":{"name":"(anonymous_8)","decl":{"start":{"line":50,"column":31},"end":{"line":50,"column":32}},"loc":{"start":{"line":50,"column":49},"end":{"line":53,"column":5}}},"8":{"name":"(anonymous_9)","decl":{"start":{"line":55,"column":30},"end":{"line":55,"column":31}},"loc":{"start":{"line":55,"column":48},"end":{"line":58,"column":5}}},"9":{"name":"(anonymous_10)","decl":{"start":{"line":60,"column":32},"end":{"line":60,"column":33}},"loc":{"start":{"line":60,"column":50},"end":{"line":63,"column":5}}},"10":{"name":"(anonymous_11)","decl":{"start":{"line":65,"column":26},"end":{"line":65,"column":27}},"loc":{"start":{"line":65,"column":44},"end":{"line":81,"column":5}}}},"branchMap":{"0":{"loc":{"start":{"line":22,"column":12},"end":{"line":23,"column":null}},"type":"switch","locations":[{"start":{"line":22,"column":12},"end":{"line":23,"column":null}},{"start":{"line":24,"column":12},"end":{"line":25,"column":null}},{"start":{"line":26,"column":12},"end":{"line":27,"column":null}},{"start":{"line":28,"column":12},"end":{"line":29,"column":null}}]},"1":{"loc":{"start":{"line":36,"column":12},"end":{"line":38,"column":null}},"type":"if","locations":[{"start":{"line":36,"column":12},"end":{"line":38,"column":null}},{"start":{"line":36,"column":12},"end":{"line":38,"column":null}}]},"2":{"loc":{"start":{"line":39,"column":12},"end":{"line":41,"column":null}},"type":"if","locations":[{"start":{"line":39,"column":12},"end":{"line":41,"column":null}},{"start":{"line":39,"column":12},"end":{"line":41,"column":null}}]},"3":{"loc":{"start":{"line":42,"column":12},"end":{"line":44,"column":null}},"type":"if","locations":[{"start":{"line":42,"column":12},"end":{"line":44,"column":null}},{"start":{"line":42,"column":12},"end":{"line":44,"column":null}}]},"4":{"loc":{"start":{"line":51,"column":8},"end":{"line":51,"column":null}},"type":"if","locations":[{"start":{"line":51,"column":8},"end":{"line":51,"column":null}},{"start":{"line":51,"column":8},"end":{"line":51,"column":null}}]},"5":{"loc":{"start":{"line":56,"column":8},"end":{"line":56,"column":null}},"type":"if","locations":[{"start":{"line":56,"column":8},"end":{"line":56,"column":null}},{"start":{"line":56,"column":8},"end":{"line":56,"column":null}}]},"6":{"loc":{"start":{"line":61,"column":8},"end":{"line":61,"column":null}},"type":"if","locations":[{"start":{"line":61,"column":8},"end":{"line":61,"column":null}},{"start":{"line":61,"column":8},"end":{"line":61,"column":null}}]},"7":{"loc":{"start":{"line":73,"column":12},"end":{"line":75,"column":null}},"type":"if","locations":[{"start":{"line":73,"column":12},"end":{"line":75,"column":null}},{"start":{"line":73,"column":12},"end":{"line":75,"column":null}}]},"8":{"loc":{"start":{"line":76,"column":12},"end":{"line":78,"column":null}},"type":"if","locations":[{"start":{"line":76,"column":12},"end":{"line":78,"column":null}},{"start":{"line":76,"column":12},"end":{"line":78,"column":null}}]}},"s":{"0":2,"1":2,"2":3,"3":3,"4":3,"5":1,"6":3,"7":4,"8":1,"9":1,"10":1,"11":1,"12":3,"13":1,"14":1,"15":9,"16":3,"17":9,"18":4,"19":9,"20":4,"21":1,"22":1,"23":2,"24":3,"25":19,"26":10,"27":9,"28":3,"29":19,"30":10,"31":9,"32":3,"33":19,"34":10,"35":9,"36":3,"37":1,"38":1,"39":1,"40":9,"41":9,"42":9,"43":4,"44":9,"45":4,"46":1,"47":2,"48":2},"f":{"0":2,"1":3,"2":1,"3":4,"4":1,"5":9,"6":2,"7":19,"8":19,"9":19,"10":1},"b":{"0":[1,1,1,1],"1":[3,6],"2":[4,5],"3":[4,5],"4":[10,9],"5":[10,9],"6":[10,9],"7":[4,5],"8":[4,5]}}
,"C:\\Work\\bootcamp\\homework-fixed\\evo-ts-bootcamp\\homeworks\\03-data-structures\\src\\mergeSort.ts": {"path":"C:\\Work\\bootcamp\\homework-fixed\\evo-ts-bootcamp\\homeworks\\03-data-structures\\src\\mergeSort.ts","statementMap":{"0":{"start":{"line":6,"column":20},"end":{"line":6,"column":26}},"1":{"start":{"line":7,"column":20},"end":{"line":7,"column":26}},"2":{"start":{"line":9,"column":4},"end":{"line":9,"column":null}},"3":{"start":{"line":9,"column":27},"end":{"line":9,"column":null}},"4":{"start":{"line":10,"column":4},"end":{"line":10,"column":null}},"5":{"start":{"line":10,"column":27},"end":{"line":10,"column":null}},"6":{"start":{"line":11,"column":4},"end":{"line":11,"column":null}},"7":{"start":{"line":5,"column":0},"end":{"line":5,"column":16}},"8":{"start":{"line":18,"column":18},"end":{"line":18,"column":20}},"9":{"start":{"line":20,"column":8},"end":{"line":26,"column":null}},"10":{"start":{"line":21,"column":12},"end":{"line":25,"column":null}},"11":{"start":{"line":22,"column":16},"end":{"line":22,"column":null}},"12":{"start":{"line":24,"column":16},"end":{"line":24,"column":null}},"13":{"start":{"line":28,"column":8},"end":{"line":28,"column":42}},"14":{"start":{"line":32,"column":8},"end":{"line":34,"column":null}},"15":{"start":{"line":33,"column":12},"end":{"line":33,"column":null}},"16":{"start":{"line":35,"column":25},"end":{"line":35,"column":58}},"17":{"start":{"line":36,"column":8},"end":{"line":36,"column":null}},"18":{"start":{"line":39,"column":4},"end":{"line":39,"column":null}},"19":{"start":{"line":15,"column":0},"end":{"line":15,"column":16}},"20":{"start":{"line":43,"column":20},"end":{"line":43,"column":52}},"21":{"start":{"line":45,"column":20},"end":{"line":45,"column":84}},"22":{"start":{"line":47,"column":0},"end":{"line":47,"column":null}}},"fnMap":{"0":{"name":"compareFunction","decl":{"start":{"line":5,"column":16},"end":{"line":5,"column":31}},"loc":{"start":{"line":5,"column":45},"end":{"line":12,"column":1}}},"1":{"name":"mergeSort","decl":{"start":{"line":15,"column":16},"end":{"line":15,"column":25}},"loc":{"start":{"line":15,"column":76},"end":{"line":41,"column":1}}},"2":{"name":"merge","decl":{"start":{"line":17,"column":13},"end":{"line":17,"column":18}},"loc":{"start":{"line":17,"column":40},"end":{"line":29,"column":5}}},"3":{"name":"divide","decl":{"start":{"line":31,"column":13},"end":{"line":31,"column":19}},"loc":{"start":{"line":31,"column":30},"end":{"line":37,"column":5}}}},"branchMap":{"0":{"loc":{"start":{"line":9,"column":4},"end":{"line":9,"column":null}},"type":"if","locations":[{"start":{"line":9,"column":4},"end":{"line":9,"column":null}},{"start":{"line":9,"column":4},"end":{"line":9,"column":null}}]},"1":{"loc":{"start":{"line":10,"column":4},"end":{"line":10,"column":null}},"type":"if","locations":[{"start":{"line":10,"column":4},"end":{"line":10,"column":null}},{"start":{"line":10,"column":4},"end":{"line":10,"column":null}}]},"2":{"loc":{"start":{"line":20,"column":15},"end":{"line":20,"column":26}},"type":"binary-expr","locations":[{"start":{"line":20,"column":15},"end":{"line":20,"column":26}},{"start":{"line":20,"column":30},"end":{"line":20,"column":42}}]},"3":{"loc":{"start":{"line":21,"column":12},"end":{"line":25,"column":null}},"type":"if","locations":[{"start":{"line":21,"column":12},"end":{"line":25,"column":null}},{"start":{"line":21,"column":12},"end":{"line":25,"column":null}}]},"4":{"loc":{"start":{"line":32,"column":8},"end":{"line":34,"column":null}},"type":"if","locations":[{"start":{"line":32,"column":8},"end":{"line":34,"column":null}},{"start":{"line":32,"column":8},"end":{"line":34,"column":null}}]}},"s":{"0":66,"1":66,"2":66,"3":33,"4":33,"5":29,"6":4,"7":1,"8":24,"9":24,"10":57,"11":33,"12":24,"13":24,"14":51,"15":27,"16":24,"17":24,"18":3,"19":1,"20":1,"21":1,"22":1},"f":{"0":66,"1":3,"2":24,"3":51},"b":{"0":[33,33],"1":[29,4],"2":[81,63],"3":[33,24],"4":[27,24]}}
,"C:\\Work\\bootcamp\\homework-fixed\\evo-ts-bootcamp\\homeworks\\03-data-structures\\src\\testData.ts": {"path":"C:\\Work\\bootcamp\\homework-fixed\\evo-ts-bootcamp\\homeworks\\03-data-structures\\src\\testData.ts","statementMap":{"0":{"start":{"line":1,"column":16},"end":{"line":1,"column":62}},"1":{"start":{"line":2,"column":16},"end":{"line":2,"column":60}},"2":{"start":{"line":3,"column":15},"end":{"line":3,"column":60}},"3":{"start":{"line":4,"column":15},"end":{"line":4,"column":60}},"4":{"start":{"line":5,"column":15},"end":{"line":5,"column":54}},"5":{"start":{"line":6,"column":15},"end":{"line":6,"column":60}},"6":{"start":{"line":7,"column":15},"end":{"line":7,"column":54}},"7":{"start":{"line":8,"column":16},"end":{"line":8,"column":60}},"8":{"start":{"line":9,"column":13},"end":{"line":9,"column":65}}},"fnMap":{},"branchMap":{},"s":{"0":2,"1":2,"2":2,"3":2,"4":2,"5":2,"6":2,"7":2,"8":2},"f":{},"b":{}}
,"C:\\Work\\bootcamp\\homework-fixed\\evo-ts-bootcamp\\homeworks\\03-data-structures\\src\\types.ts": {"path":"C:\\Work\\bootcamp\\homework-fixed\\evo-ts-bootcamp\\homeworks\\03-data-structures\\src\\types.ts","statementMap":{"0":{"start":{"line":7,"column":0},"end":{"line":7,"column":null}},"1":{"start":{"line":8,"column":4},"end":{"line":8,"column":null}},"2":{"start":{"line":9,"column":4},"end":{"line":9,"column":null}},"3":{"start":{"line":10,"column":4},"end":{"line":10,"column":null}},"4":{"start":{"line":11,"column":4},"end":{"line":11,"column":null}}},"fnMap":{"0":{"name":"(anonymous_0)","decl":{"start":{"line":7,"column":0},"end":{"line":7,"column":12}},"loc":{"start":{"line":7,"column":24},"end":{"line":12,"column":1}}}},"branchMap":{"0":{"loc":{"start":{"line":7,"column":12},"end":{"line":7,"column":24}},"type":"binary-expr","locations":[{"start":{"line":7,"column":12},"end":{"line":7,"column":24}},{"start":{"line":7,"column":12},"end":{"line":7,"column":null}}]}},"s":{"0":2,"1":2,"2":2,"3":2,"4":2},"f":{"0":2},"b":{"0":[2,2]}}
}
