TN:
SF:src\BinarySearchTree.ts
FN:8,(anonymous_6)
FN:10,(anonymous_8)
FN:11,(anonymous_9)
FNF:3
FNH:3
FNDA:2,(anonymous_6)
FNDA:2,(anonymous_8)
FNDA:8,(anonymous_9)
DA:1,1
DA:8,1
DA:10,1
DA:11,2
DA:12,8
DA:13,2
DA:15,6
DA:16,4
DA:18,2
DA:20,2
DA:23,1
LF:11
LH:11
BRDA:8,0,0,1
BRDA:8,0,1,1
BRDA:8,0,2,1
BRDA:12,1,0,2
BRDA:12,1,1,6
BRDA:12,2,0,8
BRDA:12,2,1,7
BRDA:15,3,0,4
BRDA:15,3,1,2
BRF:9
BRH:9
end_of_record
TN:
SF:src\BinaryTree.ts
FN:11,(anonymous_1)
FN:13,BinaryTree
FN:16,(anonymous_3)
FN:20,(anonymous_4)
FN:33,(anonymous_5)
FN:35,(anonymous_6)
FN:47,(anonymous_7)
FN:50,(anonymous_8)
FN:55,(anonymous_9)
FN:60,(anonymous_10)
FN:65,(anonymous_11)
FNF:11
FNH:11
FNDA:2,(anonymous_1)
FNDA:3,BinaryTree
FNDA:1,(anonymous_3)
FNDA:4,(anonymous_4)
FNDA:1,(anonymous_5)
FNDA:9,(anonymous_6)
FNDA:2,(anonymous_7)
FNDA:19,(anonymous_8)
FNDA:19,(anonymous_9)
FNDA:19,(anonymous_10)
FNDA:1,(anonymous_11)
DA:1,2
DA:11,2
DA:13,3
DA:16,3
DA:17,1
DA:20,3
DA:21,4
DA:23,1
DA:25,1
DA:27,1
DA:29,1
DA:33,3
DA:34,1
DA:35,1
DA:36,9
DA:37,3
DA:39,9
DA:40,4
DA:42,9
DA:43,4
DA:46,1
DA:47,2
DA:50,3
DA:51,19
DA:52,9
DA:55,3
DA:56,19
DA:57,9
DA:60,3
DA:61,19
DA:62,9
DA:65,3
DA:66,1
DA:67,1
DA:69,1
DA:70,9
DA:71,9
DA:73,9
DA:74,4
DA:76,9
DA:77,4
DA:80,1
DA:82,2
LF:43
LH:43
BRDA:22,0,0,1
BRDA:22,0,1,1
BRDA:22,0,2,1
BRDA:22,0,3,1
BRDA:36,1,0,3
BRDA:36,1,1,6
BRDA:39,2,0,4
BRDA:39,2,1,5
BRDA:42,3,0,4
BRDA:42,3,1,5
BRDA:51,4,0,10
BRDA:51,4,1,9
BRDA:56,5,0,10
BRDA:56,5,1,9
BRDA:61,6,0,10
BRDA:61,6,1,9
BRDA:73,7,0,4
BRDA:73,7,1,5
BRDA:76,8,0,4
BRDA:76,8,1,5
BRF:20
BRH:20
end_of_record
TN:
SF:src\mergeSort.ts
FN:5,compareFunction
FN:15,mergeSort
FN:17,merge
FN:31,divide
FNF:4
FNH:4
FNDA:66,compareFunction
FNDA:3,mergeSort
FNDA:24,merge
FNDA:51,divide
DA:5,1
DA:6,66
DA:7,66
DA:9,66
DA:10,33
DA:11,4
DA:15,1
DA:18,24
DA:20,24
DA:21,57
DA:22,33
DA:24,24
DA:28,24
DA:32,51
DA:33,27
DA:35,24
DA:36,24
DA:39,3
DA:43,1
DA:45,1
DA:47,1
LF:21
LH:21
BRDA:9,0,0,33
BRDA:9,0,1,33
BRDA:10,1,0,29
BRDA:10,1,1,4
BRDA:20,2,0,81
BRDA:20,2,1,63
BRDA:21,3,0,33
BRDA:21,3,1,24
BRDA:32,4,0,27
BRDA:32,4,1,24
BRF:10
BRH:10
end_of_record
TN:
SF:src\testData.ts
FNF:0
FNH:0
DA:1,2
DA:2,2
DA:3,2
DA:4,2
DA:5,2
DA:6,2
DA:7,2
DA:8,2
DA:9,2
LF:9
LH:9
BRF:0
BRH:0
end_of_record
TN:
SF:src\types.ts
FN:7,(anonymous_0)
FNF:1
FNH:1
FNDA:2,(anonymous_0)
DA:7,2
DA:8,2
DA:9,2
DA:10,2
DA:11,2
LF:5
LH:5
BRDA:7,0,0,2
BRDA:7,0,1,2
BRF:2
BRH:2
end_of_record
